<?xml version="1.0" encoding="UTF-8"?>
<testng-results ignored="0" total="1" passed="1" failed="0" skipped="0">
  <reporter-output>
  </reporter-output>
  <suite started-at="2025-09-03T01:24:54 IST" name="Default suite" finished-at="2025-09-03T01:25:07 IST" duration-ms="12504">
    <groups>
    </groups>
    <test started-at="2025-09-03T01:24:54 IST" name="Default test" finished-at="2025-09-03T01:25:07 IST" duration-ms="12504">
      <class name="allmodules.WindowHandle">
        <test-method signature="windowhandle()[pri:0, instance:allmodules.WindowHandle@7586beff]" started-at="2025-09-03T01:24:54 IST" name="windowhandle" finished-at="2025-09-03T01:25:07 IST" duration-ms="12425" status="PASS">
          <reporter-output>
          </reporter-output>
        </test-method> <!-- windowhandle -->
      </class> <!-- allmodules.WindowHandle -->
    </test> <!-- Default test -->
  </suite> <!-- Default suite -->
</testng-results>
